# memlog started.
alloc ts:14 layer:vm addr:0x200440000 size:49152 type:rw
alloc ts:14 layer:bmalloc addr:0x200440000 size:49152 type:perThread
alloc ts:14 layer:vm addr:0x20044c000 size:16384 type:rw
alloc ts:14 layer:bmalloc addr:0x20044c000 size:16384 type:perProcess
alloc ts:14 layer:vm addr:0x200454000 size:2097152 type:rw
split ts:14 layer:vm addr:0x200454000 size:704512
free ts:14 layer:vm addr:0x200454000
split ts:14 layer:vm addr:0x200500000 size:1048576
free ts:14 layer:vm addr:0x200600000
alloc ts:14 layer:bmalloc addr:0x200500000 size:1048576 type:free
alloc ts:14 layer:vm addr:0x200454000 size:16384 type:rw
alloc ts:14 layer:bmalloc addr:0x200454000 size:16384 type:vector
mod ts:14 layer:bmalloc addr:0x200500000 type:large
alloc ts:14 layer:vm addr:0x200458000 size:16384 type:rw
alloc ts:14 layer:bmalloc addr:0x200458000 size:16384 type:objectTypeTable
alloc ts:14 layer:vm addr:0x20045c000 size:16384 type:rw
alloc ts:14 layer:bmalloc addr:0x20045c000 size:16384 type:vector
mod ts:14 layer:bmalloc addr:0x200500000 type:chunk
alloc ts:17 layer:vm addr:0x200600000 size:2097152 type:rw
split ts:17 layer:vm addr:0x200600000 size:1048576
free ts:17 layer:vm addr:0x200700000
alloc ts:17 layer:bmalloc addr:0x200600000 size:1048576 type:free
mod ts:18 layer:bmalloc addr:0x200600000 type:large
split ts:18 layer:bmalloc addr:0x200600000 size:49152
mod ts:18 layer:bmalloc addr:0x20060c000 type:free
alloc ts:23 layer:vm addr:0x200700000 size:2097152 type:rw
split ts:23 layer:vm addr:0x200700000 size:1048576
free ts:23 layer:vm addr:0x200800000
alloc ts:23 layer:bmalloc addr:0x200700000 size:1048576 type:free
merge ts:23 layer:bmalloc addr:0x20060c000 other:0x200700000
mod ts:23 layer:bmalloc addr:0x20060c000 type:large
split ts:23 layer:bmalloc addr:0x20060c000 size:999424
mod ts:23 layer:bmalloc addr:0x20060c000 type:free
mod ts:23 layer:bmalloc addr:0x200700000 type:chunk
alloc ts:23 layer:vm addr:0x200800000 size:2097152 type:rw
split ts:23 layer:vm addr:0x200800000 size:1048576
free ts:23 layer:vm addr:0x200900000
alloc ts:23 layer:bmalloc addr:0x200800000 size:1048576 type:free
mod ts:23 layer:bmalloc addr:0x200800000 type:large
mod ts:23 layer:bmalloc addr:0x200800000 type:chunk
alloc ts:24 layer:vm addr:0x200900000 size:2097152 type:rw
split ts:24 layer:vm addr:0x200900000 size:1048576
free ts:24 layer:vm addr:0x200a00000
alloc ts:24 layer:bmalloc addr:0x200900000 size:1048576 type:free
mod ts:24 layer:bmalloc addr:0x200900000 type:large
mod ts:24 layer:bmalloc addr:0x200900000 type:chunk
alloc ts:37 layer:vm addr:0x200a00000 size:2097152 type:rw
split ts:37 layer:vm addr:0x200a00000 size:1048576
free ts:37 layer:vm addr:0x200b00000
alloc ts:37 layer:bmalloc addr:0x200a00000 size:1048576 type:free
mod ts:37 layer:bmalloc addr:0x200a00000 type:large
mod ts:37 layer:bmalloc addr:0x200a00000 type:chunk
mod ts:44 layer:bmalloc addr:0x20060c000 type:large
split ts:44 layer:bmalloc addr:0x20060c000 size:57344
mod ts:44 layer:bmalloc addr:0x20061a000 type:free
mod ts:46 layer:bmalloc addr:0x20061a000 type:large
split ts:46 layer:bmalloc addr:0x20061a000 size:57344
mod ts:46 layer:bmalloc addr:0x200628000 type:free
alloc ts:70 layer:vm addr:0x200b00000 size:2097152 type:rw
split ts:70 layer:vm addr:0x200b00000 size:1048576
free ts:70 layer:vm addr:0x200c00000
alloc ts:70 layer:bmalloc addr:0x200b00000 size:1048576 type:free
mod ts:70 layer:bmalloc addr:0x200b00000 type:large
alloc ts:70 layer:vm addr:0x200464000 size:16384 type:rw
alloc ts:70 layer:bmalloc addr:0x200464000 size:16384 type:vector
free ts:70 layer:bmalloc addr:0x20045c000
free ts:70 layer:vm addr:0x20045c000
mod ts:70 layer:bmalloc addr:0x200b00000 type:chunk
alloc ts:81 layer:vm addr:0x200c00000 size:2097152 type:rw
split ts:81 layer:vm addr:0x200c00000 size:1048576
free ts:81 layer:vm addr:0x200d00000
alloc ts:81 layer:bmalloc addr:0x200c00000 size:1048576 type:free
mod ts:81 layer:bmalloc addr:0x200c00000 type:large
mod ts:81 layer:bmalloc addr:0x200c00000 type:chunk
alloc ts:93 layer:vm addr:0x200d00000 size:2097152 type:rw
split ts:93 layer:vm addr:0x200d00000 size:1048576
free ts:93 layer:vm addr:0x200e00000
alloc ts:93 layer:bmalloc addr:0x200d00000 size:1048576 type:free
mod ts:93 layer:bmalloc addr:0x200d00000 type:large
mod ts:93 layer:bmalloc addr:0x200d00000 type:chunk
alloc ts:107 layer:vm addr:0x200e00000 size:2097152 type:rw
split ts:107 layer:vm addr:0x200e00000 size:1048576
free ts:107 layer:vm addr:0x200f00000
alloc ts:107 layer:bmalloc addr:0x200e00000 size:1048576 type:free
mod ts:107 layer:bmalloc addr:0x200e00000 type:large
mod ts:107 layer:bmalloc addr:0x200e00000 type:chunk
alloc ts:123 layer:vm addr:0x200f00000 size:2097152 type:rw
split ts:123 layer:vm addr:0x200f00000 size:1048576
free ts:123 layer:vm addr:0x201000000
alloc ts:123 layer:bmalloc addr:0x200f00000 size:1048576 type:free
mod ts:123 layer:bmalloc addr:0x200f00000 type:large
mod ts:123 layer:bmalloc addr:0x200f00000 type:chunk
alloc ts:139 layer:vm addr:0x201000000 size:2097152 type:rw
split ts:139 layer:vm addr:0x201000000 size:1048576
free ts:139 layer:vm addr:0x201100000
alloc ts:139 layer:bmalloc addr:0x201000000 size:1048576 type:free
mod ts:139 layer:bmalloc addr:0x201000000 type:large
mod ts:139 layer:bmalloc addr:0x201000000 type:chunk
alloc ts:153 layer:vm addr:0x201100000 size:2097152 type:rw
split ts:153 layer:vm addr:0x201100000 size:1048576
free ts:153 layer:vm addr:0x201200000
alloc ts:153 layer:bmalloc addr:0x201100000 size:1048576 type:free
mod ts:153 layer:bmalloc addr:0x201100000 type:large
mod ts:153 layer:bmalloc addr:0x201100000 type:chunk
alloc ts:166 layer:vm addr:0x201200000 size:2097152 type:rw
split ts:166 layer:vm addr:0x201200000 size:1048576
free ts:166 layer:vm addr:0x201300000
alloc ts:166 layer:bmalloc addr:0x201200000 size:1048576 type:free
mod ts:166 layer:bmalloc addr:0x201200000 type:large
mod ts:166 layer:bmalloc addr:0x201200000 type:chunk
alloc ts:177 layer:vm addr:0x201300000 size:2097152 type:rw
split ts:177 layer:vm addr:0x201300000 size:1048576
free ts:177 layer:vm addr:0x201400000
alloc ts:177 layer:bmalloc addr:0x201300000 size:1048576 type:free
mod ts:177 layer:bmalloc addr:0x201300000 type:large
alloc ts:177 layer:vm addr:0x20045c000 size:16384 type:rw
alloc ts:177 layer:bmalloc addr:0x20045c000 size:16384 type:vector
free ts:177 layer:bmalloc addr:0x200464000
free ts:177 layer:vm addr:0x200464000
mod ts:177 layer:bmalloc addr:0x201300000 type:chunk
alloc ts:188 layer:vm addr:0x201400000 size:2097152 type:rw
split ts:188 layer:vm addr:0x201400000 size:1048576
free ts:188 layer:vm addr:0x201500000
alloc ts:188 layer:bmalloc addr:0x201400000 size:1048576 type:free
mod ts:188 layer:bmalloc addr:0x201400000 type:large
mod ts:188 layer:bmalloc addr:0x201400000 type:chunk
alloc ts:204 layer:vm addr:0x201500000 size:2097152 type:rw
split ts:204 layer:vm addr:0x201500000 size:1048576
free ts:204 layer:vm addr:0x201600000
alloc ts:204 layer:bmalloc addr:0x201500000 size:1048576 type:free
mod ts:204 layer:bmalloc addr:0x201500000 type:large
mod ts:204 layer:bmalloc addr:0x201500000 type:chunk
alloc ts:220 layer:vm addr:0x201600000 size:2097152 type:rw
split ts:220 layer:vm addr:0x201600000 size:1048576
free ts:220 layer:vm addr:0x201700000
alloc ts:220 layer:bmalloc addr:0x201600000 size:1048576 type:free
mod ts:220 layer:bmalloc addr:0x201600000 type:large
mod ts:220 layer:bmalloc addr:0x201600000 type:chunk
alloc ts:236 layer:vm addr:0x201700000 size:2097152 type:rw
split ts:236 layer:vm addr:0x201700000 size:1048576
free ts:236 layer:vm addr:0x201800000
alloc ts:236 layer:bmalloc addr:0x201700000 size:1048576 type:free
mod ts:236 layer:bmalloc addr:0x201700000 type:large
mod ts:236 layer:bmalloc addr:0x201700000 type:chunk
alloc ts:249 layer:vm addr:0x201800000 size:2097152 type:rw
split ts:249 layer:vm addr:0x201800000 size:1048576
free ts:249 layer:vm addr:0x201900000
alloc ts:249 layer:bmalloc addr:0x201800000 size:1048576 type:free
mod ts:249 layer:bmalloc addr:0x201800000 type:large
mod ts:249 layer:bmalloc addr:0x201800000 type:chunk
alloc ts:261 layer:vm addr:0x201900000 size:2097152 type:rw
split ts:261 layer:vm addr:0x201900000 size:1048576
free ts:261 layer:vm addr:0x201a00000
alloc ts:261 layer:bmalloc addr:0x201900000 size:1048576 type:free
mod ts:261 layer:bmalloc addr:0x201900000 type:large
mod ts:261 layer:bmalloc addr:0x201900000 type:chunk
alloc ts:273 layer:vm addr:0x201a00000 size:2097152 type:rw
split ts:273 layer:vm addr:0x201a00000 size:1048576
free ts:273 layer:vm addr:0x201b00000
alloc ts:273 layer:bmalloc addr:0x201a00000 size:1048576 type:free
mod ts:273 layer:bmalloc addr:0x201a00000 type:large
mod ts:273 layer:bmalloc addr:0x201a00000 type:chunk
alloc ts:285 layer:vm addr:0x201b00000 size:2097152 type:rw
split ts:285 layer:vm addr:0x201b00000 size:1048576
free ts:285 layer:vm addr:0x201c00000
alloc ts:285 layer:bmalloc addr:0x201b00000 size:1048576 type:free
mod ts:285 layer:bmalloc addr:0x201b00000 type:large
mod ts:285 layer:bmalloc addr:0x201b00000 type:chunk
mod ts:287 layer:bmalloc addr:0x200628000 type:large
split ts:287 layer:bmalloc addr:0x200628000 size:36864
mod ts:287 layer:bmalloc addr:0x200631000 type:free
alloc ts:302 layer:vm addr:0x201c00000 size:2097152 type:rw
split ts:302 layer:vm addr:0x201c00000 size:1048576
free ts:302 layer:vm addr:0x201d00000
alloc ts:302 layer:bmalloc addr:0x201c00000 size:1048576 type:free
mod ts:302 layer:bmalloc addr:0x201c00000 type:large
mod ts:302 layer:bmalloc addr:0x201c00000 type:chunk
alloc ts:318 layer:vm addr:0x201d00000 size:2097152 type:rw
split ts:318 layer:vm addr:0x201d00000 size:1048576
free ts:318 layer:vm addr:0x201e00000
alloc ts:318 layer:bmalloc addr:0x201d00000 size:1048576 type:free
mod ts:318 layer:bmalloc addr:0x201d00000 type:large
mod ts:318 layer:bmalloc addr:0x201d00000 type:chunk
alloc ts:332 layer:vm addr:0x201e00000 size:2097152 type:rw
split ts:332 layer:vm addr:0x201e00000 size:1048576
free ts:332 layer:vm addr:0x201f00000
alloc ts:332 layer:bmalloc addr:0x201e00000 size:1048576 type:free
mod ts:332 layer:bmalloc addr:0x201e00000 type:large
mod ts:332 layer:bmalloc addr:0x201e00000 type:chunk
alloc ts:345 layer:vm addr:0x201f00000 size:2097152 type:rw
split ts:345 layer:vm addr:0x201f00000 size:1048576
free ts:345 layer:vm addr:0x202000000
alloc ts:345 layer:bmalloc addr:0x201f00000 size:1048576 type:free
mod ts:345 layer:bmalloc addr:0x201f00000 type:large
mod ts:345 layer:bmalloc addr:0x201f00000 type:chunk
alloc ts:357 layer:vm addr:0x202000000 size:2097152 type:rw
split ts:357 layer:vm addr:0x202000000 size:1048576
free ts:357 layer:vm addr:0x202100000
alloc ts:357 layer:bmalloc addr:0x202000000 size:1048576 type:free
mod ts:357 layer:bmalloc addr:0x202000000 type:large
mod ts:357 layer:bmalloc addr:0x202000000 type:chunk
alloc ts:368 layer:vm addr:0x202100000 size:2097152 type:rw
split ts:368 layer:vm addr:0x202100000 size:1048576
free ts:368 layer:vm addr:0x202200000
alloc ts:368 layer:bmalloc addr:0x202100000 size:1048576 type:free
mod ts:368 layer:bmalloc addr:0x202100000 type:large
mod ts:368 layer:bmalloc addr:0x202100000 type:chunk
alloc ts:383 layer:vm addr:0x202200000 size:2097152 type:rw
split ts:384 layer:vm addr:0x202200000 size:1048576
free ts:384 layer:vm addr:0x202300000
alloc ts:384 layer:bmalloc addr:0x202200000 size:1048576 type:free
mod ts:384 layer:bmalloc addr:0x202200000 type:large
alloc ts:384 layer:vm addr:0x200464000 size:16384 type:rw
alloc ts:384 layer:bmalloc addr:0x200464000 size:16384 type:vector
free ts:384 layer:bmalloc addr:0x20045c000
free ts:384 layer:vm addr:0x20045c000
mod ts:384 layer:bmalloc addr:0x202200000 type:chunk
alloc ts:400 layer:vm addr:0x202300000 size:2097152 type:rw
split ts:400 layer:vm addr:0x202300000 size:1048576
free ts:400 layer:vm addr:0x202400000
alloc ts:400 layer:bmalloc addr:0x202300000 size:1048576 type:free
mod ts:400 layer:bmalloc addr:0x202300000 type:large
mod ts:400 layer:bmalloc addr:0x202300000 type:chunk
alloc ts:416 layer:vm addr:0x202400000 size:2097152 type:rw
split ts:416 layer:vm addr:0x202400000 size:1048576
free ts:416 layer:vm addr:0x202500000
alloc ts:416 layer:bmalloc addr:0x202400000 size:1048576 type:free
mod ts:416 layer:bmalloc addr:0x202400000 type:large
mod ts:416 layer:bmalloc addr:0x202400000 type:chunk
alloc ts:429 layer:vm addr:0x202500000 size:2097152 type:rw
split ts:429 layer:vm addr:0x202500000 size:1048576
free ts:429 layer:vm addr:0x202600000
alloc ts:429 layer:bmalloc addr:0x202500000 size:1048576 type:free
mod ts:429 layer:bmalloc addr:0x202500000 type:large
mod ts:429 layer:bmalloc addr:0x202500000 type:chunk
mod ts:438 layer:bmalloc addr:0x20060c000 type:free
